  [1m[35m (1.1ms)[0m  [1m[34mSELECT sqlite_version(*)[0m
  [1m[35m (0.1ms)[0m  [1m[34mSELECT sqlite_version(*)[0m
  [1m[35m (0.7ms)[0m  [1m[34mSELECT sqlite_version(*)[0m
  [1m[35m (97.2ms)[0m  [1m[35mCREATE TABLE "schema_migrations" ("version" varchar NOT NULL PRIMARY KEY)[0m
  [1m[35m (88.3ms)[0m  [1m[35mCREATE TABLE "ar_internal_metadata" ("key" varchar NOT NULL PRIMARY KEY, "value" varchar, "created_at" datetime(6) NOT NULL, "updated_at" datetime(6) NOT NULL)[0m
  [1m[35m (0.3ms)[0m  [1m[34mSELECT "schema_migrations"."version" FROM "schema_migrations" ORDER BY "schema_migrations"."version" ASC[0m
Migrating to CreateArticles (20210116125539)
  [1m[36mTRANSACTION (0.1ms)[0m  [1m[36mbegin transaction[0m
  [1m[35m (0.5ms)[0m  [1m[35mCREATE TABLE "articles" ("id" integer PRIMARY KEY AUTOINCREMENT NOT NULL, "title" varchar, "content" text, "topic" varchar, "tags" varchar, "created_at" datetime(6) NOT NULL, "updated_at" datetime(6) NOT NULL)[0m
  [1m[36mActiveRecord::SchemaMigration Create (0.2ms)[0m  [1m[32mINSERT INTO "schema_migrations" ("version") VALUES (?)[0m  [["version", "20210116125539"]]
  [1m[36mTRANSACTION (84.7ms)[0m  [1m[36mcommit transaction[0m
  [1m[36mActiveRecord::InternalMetadata Load (0.5ms)[0m  [1m[34mSELECT "ar_internal_metadata".* FROM "ar_internal_metadata" WHERE "ar_internal_metadata"."key" = ? LIMIT ?[0m  [["key", "environment"], ["LIMIT", 1]]
  [1m[36mTRANSACTION (0.2ms)[0m  [1m[36mbegin transaction[0m
  [1m[36mActiveRecord::InternalMetadata Create (0.4ms)[0m  [1m[32mINSERT INTO "ar_internal_metadata" ("key", "value", "created_at", "updated_at") VALUES (?, ?, ?, ?)[0m  [["key", "environment"], ["value", "development"], ["created_at", "2021-01-16 12:56:29.848290"], ["updated_at", "2021-01-16 12:56:29.848290"]]
  [1m[36mTRANSACTION (100.9ms)[0m  [1m[36mcommit transaction[0m
  [1m[35m (0.3ms)[0m  [1m[34mSELECT sqlite_version(*)[0m
  [1m[35m (0.2ms)[0m  [1m[34mSELECT "schema_migrations"."version" FROM "schema_migrations" ORDER BY "schema_migrations"."version" ASC[0m
Started GET "/" for ::1 at 2021-01-16 18:26:38 +0530
  [1m[35m (3.9ms)[0m  [1m[34mSELECT sqlite_version(*)[0m
  [1m[35m (0.2ms)[0m  [1m[34mSELECT "schema_migrations"."version" FROM "schema_migrations" ORDER BY "schema_migrations"."version" ASC[0m
Processing by Rails::WelcomeController#index as HTML
  Rendering /home/ikjot-2605/.rvm/gems/ruby-2.7.2/gems/railties-6.1.1/lib/rails/templates/rails/welcome/index.html.erb
  Rendered /home/ikjot-2605/.rvm/gems/ruby-2.7.2/gems/railties-6.1.1/lib/rails/templates/rails/welcome/index.html.erb (Duration: 27.9ms | Allocations: 341)
Completed 200 OK in 68ms (Views: 39.5ms | ActiveRecord: 0.0ms | Allocations: 1810)


Started GET "/articles" for ::1 at 2021-01-16 18:27:04 +0530
Processing by ArticlesController#index as HTML
  Rendering layout layouts/application.html.erb
  Rendering articles/index.html.erb within layouts/application
  [1m[36mArticle Load (0.2ms)[0m  [1m[34mSELECT "articles".* FROM "articles"[0m
  ↳ app/views/articles/index.html.erb:17
  Rendered articles/index.html.erb within layouts/application (Duration: 6.3ms | Allocations: 990)
  Rendered layout layouts/application.html.erb (Duration: 38.0ms | Allocations: 14729)
Completed 200 OK in 42ms (Views: 39.7ms | ActiveRecord: 0.2ms | Allocations: 15797)


Started GET "/articles/new" for ::1 at 2021-01-16 18:27:49 +0530
Processing by ArticlesController#new as HTML
  Rendering layout layouts/application.html.erb
  Rendering articles/new.html.erb within layouts/application
  Rendered articles/_form.html.erb (Duration: 212.7ms | Allocations: 5469)
  Rendered articles/new.html.erb within layouts/application (Duration: 214.8ms | Allocations: 5779)
  Rendered layout layouts/application.html.erb (Duration: 217.8ms | Allocations: 7156)
Completed 200 OK in 240ms (Views: 218.6ms | ActiveRecord: 1.8ms | Allocations: 11332)


Started POST "/articles" for ::1 at 2021-01-16 18:28:04 +0530
Processing by ArticlesController#create as HTML
  Parameters: {"authenticity_token"=>"[FILTERED]", "article"=>{"title"=>"Session_3", "content"=>"Programminifbebfu", "topic"=>"Coding", "tags"=>"Coding"}, "commit"=>"Create Article"}
  [1m[36mTRANSACTION (0.1ms)[0m  [1m[36mbegin transaction[0m
  ↳ app/controllers/articles_controller.rb:26:in `create'
  [1m[36mArticle Create (0.4ms)[0m  [1m[32mINSERT INTO "articles" ("title", "content", "topic", "tags", "created_at", "updated_at") VALUES (?, ?, ?, ?, ?, ?)[0m  [["title", "Session_3"], ["content", "Programminifbebfu"], ["topic", "Coding"], ["tags", "Coding"], ["created_at", "2021-01-16 12:58:04.705968"], ["updated_at", "2021-01-16 12:58:04.705968"]]
  ↳ app/controllers/articles_controller.rb:26:in `create'
  [1m[36mTRANSACTION (236.6ms)[0m  [1m[36mcommit transaction[0m
  ↳ app/controllers/articles_controller.rb:26:in `create'
Redirected to http://localhost:3000/articles/1
Completed 302 Found in 253ms (ActiveRecord: 237.2ms | Allocations: 4244)


Started GET "/articles/1" for ::1 at 2021-01-16 18:28:04 +0530
Processing by ArticlesController#show as HTML
  Parameters: {"id"=>"1"}
  [1m[36mArticle Load (0.3ms)[0m  [1m[34mSELECT "articles".* FROM "articles" WHERE "articles"."id" = ? LIMIT ?[0m  [["id", 1], ["LIMIT", 1]]
  ↳ app/controllers/articles_controller.rb:51:in `set_article'
  Rendering layout layouts/application.html.erb
  Rendering articles/show.html.erb within layouts/application
  Rendered articles/show.html.erb within layouts/application (Duration: 1.3ms | Allocations: 513)
  Rendered layout layouts/application.html.erb (Duration: 4.7ms | Allocations: 1886)
Completed 200 OK in 12ms (Views: 5.4ms | ActiveRecord: 0.3ms | Allocations: 3203)


Started GET "/articles" for ::1 at 2021-01-16 18:28:25 +0530
Processing by ArticlesController#index as HTML
  Rendering layout layouts/application.html.erb
  Rendering articles/index.html.erb within layouts/application
  [1m[36mArticle Load (0.1ms)[0m  [1m[34mSELECT "articles".* FROM "articles"[0m
  ↳ app/views/articles/index.html.erb:17
  Rendered articles/index.html.erb within layouts/application (Duration: 1.9ms | Allocations: 841)
  Rendered layout layouts/application.html.erb (Duration: 4.0ms | Allocations: 2212)
Completed 200 OK in 5ms (Views: 4.5ms | ActiveRecord: 0.1ms | Allocations: 2468)


Started GET "/articles" for ::1 at 2021-01-16 18:29:20 +0530
Processing by ArticlesController#index as HTML
  Rendering layout layouts/application.html.erb
  Rendering articles/index.html.erb within layouts/application
  [1m[36mArticle Load (0.1ms)[0m  [1m[34mSELECT "articles".* FROM "articles"[0m
  ↳ app/views/articles/index.html.erb:17
  Rendered articles/index.html.erb within layouts/application (Duration: 1.7ms | Allocations: 814)
  Rendered layout layouts/application.html.erb (Duration: 3.5ms | Allocations: 2177)
Completed 200 OK in 4ms (Views: 3.7ms | ActiveRecord: 0.1ms | Allocations: 2421)


Started GET "/articles" for ::1 at 2021-01-16 18:29:33 +0530
  [1m[35m (0.9ms)[0m  [1m[34mSELECT sqlite_version(*)[0m
  [1m[35m (0.1ms)[0m  [1m[34mSELECT "schema_migrations"."version" FROM "schema_migrations" ORDER BY "schema_migrations"."version" ASC[0m
Processing by ArticlesController#index as HTML
  Rendering layout layouts/application.html.erb
  Rendering articles/index.html.erb within layouts/application
  [1m[36mArticle Load (0.2ms)[0m  [1m[34mSELECT "articles".* FROM "articles"[0m
  ↳ app/views/articles/index.html.erb:17
  Rendered articles/index.html.erb within layouts/application (Duration: 12.4ms | Allocations: 5192)
  Rendered layout layouts/application.html.erb (Duration: 17.8ms | Allocations: 8858)
Completed 200 OK in 23ms (Views: 19.9ms | ActiveRecord: 0.6ms | Allocations: 10811)


Started GET "/articles" for ::1 at 2021-01-16 18:29:35 +0530
Processing by ArticlesController#index as HTML
  Rendering layout layouts/application.html.erb
  Rendering articles/index.html.erb within layouts/application
  [1m[36mArticle Load (0.6ms)[0m  [1m[34mSELECT "articles".* FROM "articles"[0m
  ↳ app/views/articles/index.html.erb:17
  Rendered articles/index.html.erb within layouts/application (Duration: 6.3ms | Allocations: 825)
  Rendered layout layouts/application.html.erb (Duration: 12.2ms | Allocations: 2190)
Completed 200 OK in 14ms (Views: 12.5ms | ActiveRecord: 0.6ms | Allocations: 2446)


Started GET "/articles/1" for ::1 at 2021-01-16 18:29:39 +0530
Processing by ArticlesController#show as HTML
  Parameters: {"id"=>"1"}
  [1m[36mArticle Load (0.2ms)[0m  [1m[34mSELECT "articles".* FROM "articles" WHERE "articles"."id" = ? LIMIT ?[0m  [["id", 1], ["LIMIT", 1]]
  ↳ app/controllers/articles_controller.rb:51:in `set_article'
  Rendering layout layouts/application.html.erb
  Rendering articles/show.html.erb within layouts/application
  Rendered articles/show.html.erb within layouts/application (Duration: 1.0ms | Allocations: 469)
  Rendered layout layouts/application.html.erb (Duration: 3.5ms | Allocations: 1837)
Completed 200 OK in 8ms (Views: 4.1ms | ActiveRecord: 0.2ms | Allocations: 3168)


Started GET "/articles" for ::1 at 2021-01-16 18:29:41 +0530
Processing by ArticlesController#index as HTML
  Rendering layout layouts/application.html.erb
  Rendering articles/index.html.erb within layouts/application
  [1m[36mArticle Load (0.1ms)[0m  [1m[34mSELECT "articles".* FROM "articles"[0m
  ↳ app/views/articles/index.html.erb:17
  Rendered articles/index.html.erb within layouts/application (Duration: 2.1ms | Allocations: 813)
  Rendered layout layouts/application.html.erb (Duration: 5.2ms | Allocations: 2178)
Completed 200 OK in 6ms (Views: 5.7ms | ActiveRecord: 0.1ms | Allocations: 2434)


Started GET "/articles/1" for ::1 at 2021-01-16 18:29:43 +0530
Processing by ArticlesController#show as HTML
  Parameters: {"id"=>"1"}
  [1m[36mArticle Load (0.2ms)[0m  [1m[34mSELECT "articles".* FROM "articles" WHERE "articles"."id" = ? LIMIT ?[0m  [["id", 1], ["LIMIT", 1]]
  ↳ app/controllers/articles_controller.rb:51:in `set_article'
  Rendering layout layouts/application.html.erb
  Rendering articles/show.html.erb within layouts/application
  Rendered articles/show.html.erb within layouts/application (Duration: 0.6ms | Allocations: 279)
  Rendered layout layouts/application.html.erb (Duration: 2.9ms | Allocations: 1644)
Completed 200 OK in 6ms (Views: 3.8ms | ActiveRecord: 0.2ms | Allocations: 2313)


Started GET "/articles/1/edit" for ::1 at 2021-01-16 18:29:46 +0530
Processing by ArticlesController#edit as HTML
  Parameters: {"id"=>"1"}
  [1m[36mArticle Load (0.1ms)[0m  [1m[34mSELECT "articles".* FROM "articles" WHERE "articles"."id" = ? LIMIT ?[0m  [["id", 1], ["LIMIT", 1]]
  ↳ app/controllers/articles_controller.rb:51:in `set_article'
  Rendering layout layouts/application.html.erb
  Rendering articles/edit.html.erb within layouts/application
  Rendered articles/_form.html.erb (Duration: 251.6ms | Allocations: 5444)
  Rendered articles/edit.html.erb within layouts/application (Duration: 294.3ms | Allocations: 5797)
  Rendered layout layouts/application.html.erb (Duration: 296.9ms | Allocations: 7172)
Completed 200 OK in 299ms (Views: 297.4ms | ActiveRecord: 0.1ms | Allocations: 7948)


Started PATCH "/articles/1" for ::1 at 2021-01-16 18:29:48 +0530
Processing by ArticlesController#update as HTML
  Parameters: {"authenticity_token"=>"[FILTERED]", "article"=>{"title"=>"Session_3", "content"=>"Programminifbebfu", "topic"=>"Coding", "tags"=>"Coding"}, "commit"=>"Update Article", "id"=>"1"}
  [1m[36mArticle Load (0.1ms)[0m  [1m[34mSELECT "articles".* FROM "articles" WHERE "articles"."id" = ? LIMIT ?[0m  [["id", 1], ["LIMIT", 1]]
  ↳ app/controllers/articles_controller.rb:51:in `set_article'
Redirected to http://localhost:3000/articles/1
Completed 302 Found in 5ms (ActiveRecord: 0.1ms | Allocations: 1167)


Started GET "/articles/1" for ::1 at 2021-01-16 18:29:48 +0530
Processing by ArticlesController#show as HTML
  Parameters: {"id"=>"1"}
  [1m[36mArticle Load (0.1ms)[0m  [1m[34mSELECT "articles".* FROM "articles" WHERE "articles"."id" = ? LIMIT ?[0m  [["id", 1], ["LIMIT", 1]]
  ↳ app/controllers/articles_controller.rb:51:in `set_article'
  Rendering layout layouts/application.html.erb
  Rendering articles/show.html.erb within layouts/application
  Rendered articles/show.html.erb within layouts/application (Duration: 0.7ms | Allocations: 294)
  Rendered layout layouts/application.html.erb (Duration: 4.5ms | Allocations: 1657)
Completed 200 OK in 6ms (Views: 5.0ms | ActiveRecord: 0.1ms | Allocations: 2311)


Started GET "/articles" for ::1 at 2021-01-16 18:29:49 +0530
Processing by ArticlesController#index as HTML
  Rendering layout layouts/application.html.erb
  Rendering articles/index.html.erb within layouts/application
  [1m[36mArticle Load (0.2ms)[0m  [1m[34mSELECT "articles".* FROM "articles"[0m
  ↳ app/views/articles/index.html.erb:17
  Rendered articles/index.html.erb within layouts/application (Duration: 2.4ms | Allocations: 805)
  Rendered layout layouts/application.html.erb (Duration: 6.4ms | Allocations: 2168)
Completed 200 OK in 8ms (Views: 7.5ms | ActiveRecord: 0.2ms | Allocations: 2412)


Started GET "/" for ::1 at 2021-01-16 18:32:30 +0530
Processing by ArticlesController#index as HTML
  Rendering layout layouts/application.html.erb
  Rendering articles/index.html.erb within layouts/application
  [1m[35m (0.1ms)[0m  [1m[34mSELECT sqlite_version(*)[0m
  ↳ app/views/articles/index.html.erb:17
  [1m[36mArticle Load (0.1ms)[0m  [1m[34mSELECT "articles".* FROM "articles"[0m
  ↳ app/views/articles/index.html.erb:17
  Rendered articles/index.html.erb within layouts/application (Duration: 9.9ms | Allocations: 4616)
  Rendered layout layouts/application.html.erb (Duration: 12.3ms | Allocations: 5994)
Completed 200 OK in 15ms (Views: 13.4ms | ActiveRecord: 1.2ms | Allocations: 6624)


Started GET "/" for ::1 at 2021-01-16 18:32:31 +0530
Processing by ArticlesController#index as HTML
  Rendering layout layouts/application.html.erb
  Rendering articles/index.html.erb within layouts/application
  [1m[36mArticle Load (0.5ms)[0m  [1m[34mSELECT "articles".* FROM "articles"[0m
  ↳ app/views/articles/index.html.erb:17
  Rendered articles/index.html.erb within layouts/application (Duration: 5.4ms | Allocations: 806)
  Rendered layout layouts/application.html.erb (Duration: 11.4ms | Allocations: 2169)
Completed 200 OK in 13ms (Views: 12.1ms | ActiveRecord: 0.5ms | Allocations: 2413)


  [1m[35m (0.7ms)[0m  [1m[34mSELECT sqlite_version(*)[0m
  [1m[35m (0.1ms)[0m  [1m[34mSELECT "schema_migrations"."version" FROM "schema_migrations" ORDER BY "schema_migrations"."version" ASC[0m
Migrating to CreateUsers (20210116130814)
  [1m[36mTRANSACTION (0.1ms)[0m  [1m[36mbegin transaction[0m
  [1m[35m (0.3ms)[0m  [1m[35mCREATE TABLE "users" ("id" integer PRIMARY KEY AUTOINCREMENT NOT NULL, "name" varchar, "email" varchar, "password_digest" varchar, "created_at" datetime(6) NOT NULL, "updated_at" datetime(6) NOT NULL)[0m
  [1m[35m (0.2ms)[0m  [1m[35mCREATE UNIQUE INDEX "index_users_on_email" ON "users" ("email")[0m
  [1m[36mActiveRecord::SchemaMigration Create (0.4ms)[0m  [1m[32mINSERT INTO "schema_migrations" ("version") VALUES (?)[0m  [["version", "20210116130814"]]
  [1m[36mTRANSACTION (129.4ms)[0m  [1m[36mcommit transaction[0m
  [1m[36mActiveRecord::InternalMetadata Load (0.3ms)[0m  [1m[34mSELECT "ar_internal_metadata".* FROM "ar_internal_metadata" WHERE "ar_internal_metadata"."key" = ? LIMIT ?[0m  [["key", "environment"], ["LIMIT", 1]]
  [1m[35m (0.2ms)[0m  [1m[34mSELECT sqlite_version(*)[0m
  [1m[35m (0.2ms)[0m  [1m[34mSELECT "schema_migrations"."version" FROM "schema_migrations" ORDER BY "schema_migrations"."version" ASC[0m
Started GET "/" for ::1 at 2021-01-16 18:39:03 +0530
  [1m[35m (1.4ms)[0m  [1m[34mSELECT sqlite_version(*)[0m
  [1m[35m (0.2ms)[0m  [1m[34mSELECT "schema_migrations"."version" FROM "schema_migrations" ORDER BY "schema_migrations"."version" ASC[0m
Processing by ArticlesController#index as HTML
  Rendering layout layouts/application.html.erb
  Rendering articles/index.html.erb within layouts/application
  [1m[36mArticle Load (0.2ms)[0m  [1m[34mSELECT "articles".* FROM "articles"[0m
  ↳ app/views/articles/index.html.erb:17
  Rendered articles/index.html.erb within layouts/application (Duration: 14.6ms | Allocations: 5204)
  Rendered layout layouts/application.html.erb (Duration: 88.9ms | Allocations: 19759)
Completed 200 OK in 94ms (Views: 91.1ms | ActiveRecord: 0.6ms | Allocations: 21713)


Started GET "/users" for ::1 at 2021-01-16 18:39:12 +0530
Processing by UsersController#index as HTML
  Rendering layout layouts/application.html.erb
  Rendering users/index.html.erb within layouts/application
  [1m[36mUser Load (0.2ms)[0m  [1m[34mSELECT "users".* FROM "users"[0m
  ↳ app/views/users/index.html.erb:15
  Rendered users/index.html.erb within layouts/application (Duration: 2.4ms | Allocations: 989)
  Rendered layout layouts/application.html.erb (Duration: 4.6ms | Allocations: 2416)
Completed 200 OK in 9ms (Views: 6.0ms | ActiveRecord: 0.2ms | Allocations: 3292)


Started GET "/users/new" for ::1 at 2021-01-16 18:39:52 +0530
Processing by UsersController#new as HTML
  Rendering layout layouts/application.html.erb
  Rendering users/new.html.erb within layouts/application
  Rendered users/_form.html.erb (Duration: 150.1ms | Allocations: 5440)
  Rendered users/new.html.erb within layouts/application (Duration: 151.6ms | Allocations: 5750)
  Rendered layout layouts/application.html.erb (Duration: 158.8ms | Allocations: 7186)
Completed 200 OK in 169ms (Views: 160.0ms | ActiveRecord: 0.9ms | Allocations: 10229)


Started POST "/users" for ::1 at 2021-01-16 18:40:07 +0530
Processing by UsersController#create as HTML
  Parameters: {"authenticity_token"=>"[FILTERED]", "user"=>{"name"=>"Ikjot", "email"=>"ikjotsd@gmail.com", "password"=>"[FILTERED]", "password_confirmation"=>"[FILTERED]"}, "commit"=>"Create User"}
  [1m[36mTRANSACTION (0.1ms)[0m  [1m[36mbegin transaction[0m
  ↳ app/controllers/users_controller.rb:26:in `create'
  [1m[36mUser Create (0.3ms)[0m  [1m[32mINSERT INTO "users" ("name", "email", "password_digest", "created_at", "updated_at") VALUES (?, ?, ?, ?, ?)[0m  [["name", "Ikjot"], ["email", "ikjotsd@gmail.com"], ["password_digest", "$2a$12$m23PmXLxwJT27Sf9GY/Z5u1CFwSAsvSlOGzA8nUnw1iVah2xc0uwK"], ["created_at", "2021-01-16 13:10:07.900504"], ["updated_at", "2021-01-16 13:10:07.900504"]]
  ↳ app/controllers/users_controller.rb:26:in `create'
  [1m[36mTRANSACTION (66.2ms)[0m  [1m[36mcommit transaction[0m
  ↳ app/controllers/users_controller.rb:26:in `create'
Redirected to http://localhost:3000/users/1
Completed 302 Found in 323ms (ActiveRecord: 66.5ms | Allocations: 4323)


Started GET "/users/1" for ::1 at 2021-01-16 18:40:07 +0530
Processing by UsersController#show as HTML
  Parameters: {"id"=>"1"}
  [1m[36mUser Load (0.5ms)[0m  [1m[34mSELECT "users".* FROM "users" WHERE "users"."id" = ? LIMIT ?[0m  [["id", 1], ["LIMIT", 1]]
  ↳ app/controllers/users_controller.rb:51:in `set_user'
  Rendering layout layouts/application.html.erb
  Rendering users/show.html.erb within layouts/application
  Rendered users/show.html.erb within layouts/application (Duration: 1.6ms | Allocations: 453)
  Rendered layout layouts/application.html.erb (Duration: 5.1ms | Allocations: 2247)
Completed 200 OK in 13ms (Views: 5.7ms | ActiveRecord: 0.5ms | Allocations: 3551)


Started GET "/users" for ::1 at 2021-01-16 18:40:10 +0530
Processing by UsersController#index as HTML
  Rendering layout layouts/application.html.erb
  Rendering users/index.html.erb within layouts/application
  [1m[36mUser Load (0.2ms)[0m  [1m[34mSELECT "users".* FROM "users"[0m
  ↳ app/views/users/index.html.erb:15
  Rendered users/index.html.erb within layouts/application (Duration: 3.0ms | Allocations: 802)
  Rendered layout layouts/application.html.erb (Duration: 6.4ms | Allocations: 2231)
Completed 200 OK in 8ms (Views: 7.3ms | ActiveRecord: 0.2ms | Allocations: 2476)


Started GET "/" for ::1 at 2021-01-16 18:56:16 +0530
Processing by ArticlesController#index as HTML
  Rendering layout layouts/application.html.erb
  Rendering articles/index.html.erb within layouts/application
  [1m[35m (0.1ms)[0m  [1m[34mSELECT sqlite_version(*)[0m
  ↳ app/views/articles/index.html.erb:17
  [1m[36mArticle Load (0.1ms)[0m  [1m[34mSELECT "articles".* FROM "articles"[0m
  ↳ app/views/articles/index.html.erb:17
  Rendered articles/index.html.erb within layouts/application (Duration: 10.5ms | Allocations: 4417)
  Rendered layout layouts/application.html.erb (Duration: 30.9ms | Allocations: 14307)
Completed 200 OK in 36ms (Views: 32.8ms | ActiveRecord: 0.5ms | Allocations: 15351)


Started GET "/sessions/new" for ::1 at 2021-01-16 18:56:43 +0530
Processing by SessionsController#new as HTML
  Rendering layout layouts/application.html.erb
  Rendering sessions/new.html.erb within layouts/application
  Rendered sessions/new.html.erb within layouts/application (Duration: 51.2ms | Allocations: 1002)
  Rendered layout layouts/application.html.erb (Duration: 52.0ms | Allocations: 1066)
Completed 500 Internal Server Error in 55ms (ActiveRecord: 0.0ms | Allocations: 1615)


  
ActionView::Template::Error (wrong number of arguments (given 1, expected 0)):
    2: 
    3: <h1>Login</h1>
    4: 
    5: <%= form_with sessions_path, remote: false do |f| %>
    6:   <div class="field">
    7:     <%= f.label :email %>
    8:     <%= f.email_field :email %>
  
app/views/sessions/new.html.erb:5
Started GET "/sessions/new" for ::1 at 2021-01-16 18:57:10 +0530
Processing by SessionsController#new as HTML
  Rendering layout layouts/application.html.erb
  Rendering sessions/new.html.erb within layouts/application
  Rendered sessions/new.html.erb within layouts/application (Duration: 29.9ms | Allocations: 3314)
  Rendered layout layouts/application.html.erb (Duration: 30.2ms | Allocations: 3379)
Completed 500 Internal Server Error in 35ms (ActiveRecord: 0.0ms | Allocations: 4189)


  
ActionView::Template::Error (undefined method `form_with_url' for #<ActionView::Base:0x00000000006248>
Did you mean?  form_with):
    2: 
    3: <h1>Login</h1>
    4: 
    5: <%= form_with_url sessions_path, remote: false do |f| %>
    6:   <div class="field">
    7:     <%= f.label :email %>
    8:     <%= f.email_field :email %>
  
app/views/sessions/new.html.erb:5
Started GET "/sessions/new" for ::1 at 2021-01-16 18:59:53 +0530
Processing by SessionsController#new as HTML
  Rendering layout layouts/application.html.erb
  Rendering sessions/new.html.erb within layouts/application
  Rendered sessions/new.html.erb within layouts/application (Duration: 22.0ms | Allocations: 3268)
  Rendered layout layouts/application.html.erb (Duration: 22.5ms | Allocations: 3332)
Completed 500 Internal Server Error in 29ms (ActiveRecord: 0.0ms | Allocations: 4052)


  
ActionView::Template::Error (undefined method `form_with_url' for #<ActionView::Base:0x00000000006478>
Did you mean?  form_with):
    2: 
    3: <h1>Login</h1>
    4: 
    5: <%= form_with_url sessions_path, remote: false do |f| %>
    6:   <div class="field">
    7:     <%= f.label :email %>
    8:     <%= f.email_field :email %>
  
app/views/sessions/new.html.erb:5
Started GET "/" for ::1 at 2021-01-16 19:00:25 +0530
  [1m[35m (0.9ms)[0m  [1m[34mSELECT sqlite_version(*)[0m
  [1m[35m (0.1ms)[0m  [1m[34mSELECT "schema_migrations"."version" FROM "schema_migrations" ORDER BY "schema_migrations"."version" ASC[0m
Processing by ArticlesController#index as HTML
  Rendering layout layouts/application.html.erb
  Rendering articles/index.html.erb within layouts/application
  [1m[36mArticle Load (0.2ms)[0m  [1m[34mSELECT "articles".* FROM "articles"[0m
  ↳ app/views/articles/index.html.erb:17
  Rendered articles/index.html.erb within layouts/application (Duration: 12.9ms | Allocations: 5196)
  Rendered layout layouts/application.html.erb (Duration: 29.7ms | Allocations: 13878)
Completed 200 OK in 35ms (Views: 31.6ms | ActiveRecord: 0.6ms | Allocations: 15833)


Started GET "/sessions" for ::1 at 2021-01-16 19:00:31 +0530
  
ActionController::RoutingError (No route matches [GET] "/sessions"):
  
Started GET "/sessions/new" for ::1 at 2021-01-16 19:00:36 +0530
Processing by SessionsController#new as HTML
  Rendering layout layouts/application.html.erb
  Rendering sessions/new.html.erb within layouts/application
  Rendered sessions/new.html.erb within layouts/application (Duration: 3.0ms | Allocations: 1029)
  Rendered layout layouts/application.html.erb (Duration: 3.3ms | Allocations: 1095)
Completed 500 Internal Server Error in 6ms (ActiveRecord: 0.0ms | Allocations: 1727)


  
ActionView::Template::Error (wrong number of arguments (given 1, expected 0)):
    2: 
    3: <h1>Login</h1>
    4: 
    5: <%= form_with sessions_path, remote: false do |f| %>
    6:   <div class="field">
    7:     <%= f.label :email %>
    8:     <%= f.email_field :email %>
  
app/views/sessions/new.html.erb:5
Started GET "/" for ::1 at 2021-01-18 19:20:38 +0530
  [1m[35m (1.3ms)[0m  [1m[34mSELECT sqlite_version(*)[0m
  [1m[35m (0.2ms)[0m  [1m[34mSELECT "schema_migrations"."version" FROM "schema_migrations" ORDER BY "schema_migrations"."version" ASC[0m
Processing by ArticlesController#index as HTML
  Rendering layout layouts/application.html.erb
  Rendering articles/index.html.erb within layouts/application
  [1m[36mArticle Load (0.2ms)[0m  [1m[34mSELECT "articles".* FROM "articles"[0m
  ↳ app/views/articles/index.html.erb:17
  Rendered articles/index.html.erb within layouts/application (Duration: 15.4ms | Allocations: 5046)
  Rendered layout layouts/application.html.erb (Duration: 41.7ms | Allocations: 9453)
Completed 200 OK in 107ms (Views: 71.5ms | ActiveRecord: 0.7ms | Allocations: 11408)


Started GET "/sessions/new" for ::1 at 2021-01-18 19:20:53 +0530
Processing by SessionsController#new as HTML
  Rendering layout layouts/application.html.erb
  Rendering sessions/new.html.erb within layouts/application
  Rendered sessions/new.html.erb within layouts/application (Duration: 105.9ms | Allocations: 955)
  Rendered layout layouts/application.html.erb (Duration: 106.4ms | Allocations: 1020)
Completed 500 Internal Server Error in 111ms (ActiveRecord: 0.0ms | Allocations: 1576)


  
ActionView::Template::Error (wrong number of arguments (given 1, expected 0)):
    2: 
    3: <h1>Login</h1>
    4: 
    5: <%= form_with sessions_path, remote: false do |f| %>
    6:   <div class="field">
    7:     <%= f.label :email %>
    8:     <%= f.email_field :email %>
  
app/views/sessions/new.html.erb:5
Started GET "/sessions/new" for ::1 at 2021-01-18 19:21:55 +0530
  [1m[35m (1.2ms)[0m  [1m[34mSELECT sqlite_version(*)[0m
  [1m[35m (0.1ms)[0m  [1m[34mSELECT "schema_migrations"."version" FROM "schema_migrations" ORDER BY "schema_migrations"."version" ASC[0m
Processing by SessionsController#new as HTML
  Rendering layout layouts/application.html.erb
  Rendering sessions/new.html.erb within layouts/application
  Rendered sessions/new.html.erb within layouts/application (Duration: 198.8ms | Allocations: 4597)
  Rendered layout layouts/application.html.erb (Duration: 210.3ms | Allocations: 8978)
Completed 200 OK in 218ms (Views: 213.5ms | ActiveRecord: 0.0ms | Allocations: 10659)


Started GET "/signup" for ::1 at 2021-01-18 19:30:05 +0530
Processing by UsersController#new as HTML
  [1m[35m (0.7ms)[0m  [1m[34mSELECT sqlite_version(*)[0m
  ↳ app/controllers/users_controller.rb:15:in `new'
  Rendering layout layouts/application.html.erb
  Rendering users/new.html.erb within layouts/application
  Rendered users/_form.html.erb (Duration: 18.4ms | Allocations: 1780)
  Rendered users/new.html.erb within layouts/application (Duration: 26.7ms | Allocations: 2094)
  Rendered layout layouts/application.html.erb (Duration: 30.6ms | Allocations: 3574)
Completed 200 OK in 237ms (Views: 33.0ms | ActiveRecord: 3.0ms | Allocations: 8426)


Started POST "/users" for ::1 at 2021-01-18 19:30:19 +0530
Processing by UsersController#create as HTML
  Parameters: {"authenticity_token"=>"[FILTERED]", "user"=>{"name"=>"Ikjot", "email"=>"ikjotsd@gmail.com", "password"=>"[FILTERED]", "password_confirmation"=>"[FILTERED]"}, "commit"=>"Create User"}
  [1m[36mTRANSACTION (0.1ms)[0m  [1m[36mbegin transaction[0m
  ↳ app/controllers/users_controller.rb:26:in `create'
  [1m[36mUser Create (0.4ms)[0m  [1m[32mINSERT INTO "users" ("name", "email", "password_digest", "created_at", "updated_at") VALUES (?, ?, ?, ?, ?)[0m  [["name", "Ikjot"], ["email", "ikjotsd@gmail.com"], ["password_digest", "$2a$12$MUb24I6KtSl1Ppy2P3geD.g8bsLsS38sc7gOXJKq4sdOHFuNay14e"], ["created_at", "2021-01-18 14:00:19.755013"], ["updated_at", "2021-01-18 14:00:19.755013"]]
  ↳ app/controllers/users_controller.rb:26:in `create'
  [1m[36mTRANSACTION (0.1ms)[0m  [1m[31mrollback transaction[0m
  ↳ app/controllers/users_controller.rb:26:in `create'
Completed 500 Internal Server Error in 271ms (ActiveRecord: 0.6ms | Allocations: 2361)


  
ActiveRecord::RecordNotUnique (SQLite3::ConstraintException: UNIQUE constraint failed: users.email):
  
app/controllers/users_controller.rb:26:in `create'
Started GET "/login" for ::1 at 2021-01-18 19:30:29 +0530
Processing by SessionsController#new as HTML
  Rendering layout layouts/application.html.erb
  Rendering sessions/new.html.erb within layouts/application
  Rendered sessions/new.html.erb within layouts/application (Duration: 2.7ms | Allocations: 582)
  Rendered layout layouts/application.html.erb (Duration: 6.8ms | Allocations: 2184)
Completed 200 OK in 10ms (Views: 8.2ms | ActiveRecord: 0.0ms | Allocations: 2486)


Started POST "/sessions" for ::1 at 2021-01-18 19:30:36 +0530
Processing by SessionsController#create as HTML
  Parameters: {"authenticity_token"=>"[FILTERED]", "email"=>"ikjotsd@gmail.com", "password"=>"[FILTERED]", "commit"=>"Login"}
  [1m[36mUser Load (0.8ms)[0m  [1m[34mSELECT "users".* FROM "users" WHERE "users"."email" = ? LIMIT ?[0m  [["email", "ikjotsd@gmail.com"], ["LIMIT", 1]]
  ↳ app/controllers/sessions_controller.rb:6:in `create'
Redirected to http://localhost:3000/
Completed 302 Found in 316ms (ActiveRecord: 0.8ms | Allocations: 1491)


Started GET "/" for ::1 at 2021-01-18 19:30:37 +0530
Processing by ArticlesController#index as HTML
  Rendering layout layouts/application.html.erb
  Rendering articles/index.html.erb within layouts/application
  [1m[36mArticle Load (0.8ms)[0m  [1m[34mSELECT "articles".* FROM "articles"[0m
  ↳ app/views/articles/index.html.erb:17
  Rendered articles/index.html.erb within layouts/application (Duration: 12.4ms | Allocations: 4387)
  Rendered layout layouts/application.html.erb (Duration: 16.0ms | Allocations: 5870)
Completed 200 OK in 18ms (Views: 15.5ms | ActiveRecord: 1.4ms | Allocations: 6652)


Started GET "/" for ::1 at 2021-01-18 19:32:05 +0530
Processing by ArticlesController#index as HTML
  Rendering layout layouts/application.html.erb
  Rendering articles/index.html.erb within layouts/application
  [1m[35m (0.1ms)[0m  [1m[34mSELECT sqlite_version(*)[0m
  ↳ app/views/articles/index.html.erb:17
  [1m[36mArticle Load (0.2ms)[0m  [1m[34mSELECT "articles".* FROM "articles"[0m
  ↳ app/views/articles/index.html.erb:17
  Rendered articles/index.html.erb within layouts/application (Duration: 17.0ms | Allocations: 4826)
  [1m[36mUser Load (1.2ms)[0m  [1m[34mSELECT "users".* FROM "users" WHERE "users"."id" = ? LIMIT ?[0m  [["id", 1], ["LIMIT", 1]]
  ↳ app/controllers/application_controller.rb:6:in `current_user'
  Rendered layout layouts/application.html.erb (Duration: 35.9ms | Allocations: 8474)
Completed 200 OK in 43ms (Views: 39.8ms | ActiveRecord: 3.5ms | Allocations: 9520)


Started GET "/logout" for ::1 at 2021-01-18 19:32:52 +0530
  
ActionController::RoutingError (No route matches [GET] "/logout"):
  
Started GET "/" for ::1 at 2021-01-18 19:33:33 +0530
Processing by ArticlesController#index as HTML
  Rendering layout layouts/application.html.erb
  Rendering articles/index.html.erb within layouts/application
  [1m[35m (0.1ms)[0m  [1m[34mSELECT sqlite_version(*)[0m
  ↳ app/views/articles/index.html.erb:17
  [1m[36mArticle Load (0.2ms)[0m  [1m[34mSELECT "articles".* FROM "articles"[0m
  ↳ app/views/articles/index.html.erb:17
  Rendered articles/index.html.erb within layouts/application (Duration: 21.3ms | Allocations: 4527)
  [1m[36mUser Load (0.1ms)[0m  [1m[34mSELECT "users".* FROM "users" WHERE "users"."id" = ? LIMIT ?[0m  [["id", 1], ["LIMIT", 1]]
  ↳ app/controllers/application_controller.rb:6:in `current_user'
  Rendered layout layouts/application.html.erb (Duration: 33.7ms | Allocations: 7950)
Completed 200 OK in 37ms (Views: 35.1ms | ActiveRecord: 3.4ms | Allocations: 8583)


Started GET "/logout" for ::1 at 2021-01-18 19:33:35 +0530
Processing by SessionsController#destroy as HTML
Redirected to http://localhost:3000/
Completed 302 Found in 2ms (ActiveRecord: 0.0ms | Allocations: 259)


Started GET "/" for ::1 at 2021-01-18 19:33:35 +0530
Processing by ArticlesController#index as HTML
  Rendering layout layouts/application.html.erb
  Rendering articles/index.html.erb within layouts/application
  [1m[36mArticle Load (0.1ms)[0m  [1m[34mSELECT "articles".* FROM "articles"[0m
  ↳ app/views/articles/index.html.erb:17
  Rendered articles/index.html.erb within layouts/application (Duration: 2.5ms | Allocations: 786)
  Rendered layout layouts/application.html.erb (Duration: 4.5ms | Allocations: 905)
Completed 200 OK in 6ms (Views: 5.2ms | ActiveRecord: 0.1ms | Allocations: 1150)


Started GET "/login" for ::1 at 2021-01-18 19:33:38 +0530
Processing by SessionsController#new as HTML
  Rendering layout layouts/application.html.erb
  Rendering sessions/new.html.erb within layouts/application
  Rendered sessions/new.html.erb within layouts/application (Duration: 6.2ms | Allocations: 688)
  Rendered layout layouts/application.html.erb (Duration: 7.5ms | Allocations: 808)
Completed 200 OK in 14ms (Views: 11.7ms | ActiveRecord: 0.0ms | Allocations: 1354)


Started POST "/sessions" for ::1 at 2021-01-18 19:33:46 +0530
Processing by SessionsController#create as HTML
  Parameters: {"authenticity_token"=>"[FILTERED]", "email"=>"ikjotsd@gmail.com", "password"=>"[FILTERED]", "commit"=>"Login"}
  [1m[36mUser Load (0.2ms)[0m  [1m[34mSELECT "users".* FROM "users" WHERE "users"."email" = ? LIMIT ?[0m  [["email", "ikjotsd@gmail.com"], ["LIMIT", 1]]
  ↳ app/controllers/sessions_controller.rb:6:in `create'
Redirected to http://localhost:3000/
Completed 302 Found in 255ms (ActiveRecord: 0.2ms | Allocations: 908)


Started GET "/" for ::1 at 2021-01-18 19:33:46 +0530
Processing by ArticlesController#index as HTML
  Rendering layout layouts/application.html.erb
  Rendering articles/index.html.erb within layouts/application
  [1m[36mArticle Load (0.6ms)[0m  [1m[34mSELECT "articles".* FROM "articles"[0m
  ↳ app/views/articles/index.html.erb:17
  Rendered articles/index.html.erb within layouts/application (Duration: 4.1ms | Allocations: 788)
  [1m[36mUser Load (0.1ms)[0m  [1m[34mSELECT "users".* FROM "users" WHERE "users"."id" = ? LIMIT ?[0m  [["id", 1], ["LIMIT", 1]]
  ↳ app/controllers/application_controller.rb:6:in `current_user'
  Rendered layout layouts/application.html.erb (Duration: 7.3ms | Allocations: 1324)
Completed 200 OK in 9ms (Views: 8.0ms | ActiveRecord: 0.7ms | Allocations: 1571)


Started GET "/" for ::1 at 2021-01-18 19:41:24 +0530
  [1m[35m (0.1ms)[0m  [1m[34mSELECT sqlite_version(*)[0m
  [1m[35m (1.0ms)[0m  [1m[34mSELECT "schema_migrations"."version" FROM "schema_migrations" ORDER BY "schema_migrations"."version" ASC[0m
  [1m[35mCACHE  (0.0ms)[0m  [1m[34mSELECT "schema_migrations"."version" FROM "schema_migrations" ORDER BY "schema_migrations"."version" ASC[0m
  
ActiveRecord::PendingMigrationError (

Migrations are pending. To resolve this issue, run:

        bin/rails db:migrate RAILS_ENV=development

You have 1 pending migration:

20210118140707_add_authorization_colums_to_articles.rb


):
  
activerecord (6.1.1) lib/active_record/migration.rb:625:in `check_pending!'
activerecord (6.1.1) lib/active_record/migration.rb:590:in `block (2 levels) in call'
activesupport (6.1.1) lib/active_support/evented_file_update_checker.rb:59:in `execute'
activesupport (6.1.1) lib/active_support/evented_file_update_checker.rb:65:in `execute_if_updated'
activerecord (6.1.1) lib/active_record/migration.rb:597:in `block in call'
activerecord (6.1.1) lib/active_record/migration.rb:587:in `synchronize'
activerecord (6.1.1) lib/active_record/migration.rb:587:in `call'
actionpack (6.1.1) lib/action_dispatch/middleware/callbacks.rb:27:in `block in call'
activesupport (6.1.1) lib/active_support/callbacks.rb:98:in `run_callbacks'
actionpack (6.1.1) lib/action_dispatch/middleware/callbacks.rb:26:in `call'
actionpack (6.1.1) lib/action_dispatch/middleware/executor.rb:14:in `call'
actionpack (6.1.1) lib/action_dispatch/middleware/actionable_exceptions.rb:18:in `call'
actionpack (6.1.1) lib/action_dispatch/middleware/debug_exceptions.rb:29:in `call'
actionpack (6.1.1) lib/action_dispatch/middleware/show_exceptions.rb:33:in `call'
railties (6.1.1) lib/rails/rack/logger.rb:37:in `call_app'
railties (6.1.1) lib/rails/rack/logger.rb:26:in `block in call'
activesupport (6.1.1) lib/active_support/tagged_logging.rb:99:in `block in tagged'
activesupport (6.1.1) lib/active_support/tagged_logging.rb:37:in `tagged'
activesupport (6.1.1) lib/active_support/tagged_logging.rb:99:in `tagged'
railties (6.1.1) lib/rails/rack/logger.rb:26:in `call'
sprockets-rails (3.2.2) lib/sprockets/rails/quiet_assets.rb:13:in `call'
actionpack (6.1.1) lib/action_dispatch/middleware/remote_ip.rb:81:in `call'
actionpack (6.1.1) lib/action_dispatch/middleware/request_id.rb:26:in `call'
rack (2.2.3) lib/rack/method_override.rb:24:in `call'
rack (2.2.3) lib/rack/runtime.rb:22:in `call'
activesupport (6.1.1) lib/active_support/cache/strategy/local_cache_middleware.rb:29:in `call'
actionpack (6.1.1) lib/action_dispatch/middleware/executor.rb:14:in `call'
actionpack (6.1.1) lib/action_dispatch/middleware/static.rb:24:in `call'
rack (2.2.3) lib/rack/sendfile.rb:110:in `call'
actionpack (6.1.1) lib/action_dispatch/middleware/host_authorization.rb:98:in `call'
railties (6.1.1) lib/rails/engine.rb:539:in `call'
puma (5.1.1) lib/puma/configuration.rb:246:in `call'
puma (5.1.1) lib/puma/request.rb:76:in `block in handle_request'
puma (5.1.1) lib/puma/thread_pool.rb:337:in `with_force_shutdown'
puma (5.1.1) lib/puma/request.rb:75:in `handle_request'
puma (5.1.1) lib/puma/server.rb:431:in `process_client'
puma (5.1.1) lib/puma/thread_pool.rb:145:in `block in spawn_thread'
  [1m[35m (0.7ms)[0m  [1m[34mSELECT sqlite_version(*)[0m
  [1m[35m (0.2ms)[0m  [1m[34mSELECT "schema_migrations"."version" FROM "schema_migrations" ORDER BY "schema_migrations"."version" ASC[0m
Migrating to AddAuthorizationColumsToArticles (20210118140707)
  [1m[36mTRANSACTION (0.1ms)[0m  [1m[36mbegin transaction[0m
  [1m[35m (0.6ms)[0m  [1m[35mALTER TABLE "articles" ADD "user_id" integer[0m
  [1m[35m (0.3ms)[0m  [1m[35mALTER TABLE "articles" ADD "public" boolean[0m
  [1m[36mActiveRecord::SchemaMigration Create (0.2ms)[0m  [1m[32mINSERT INTO "schema_migrations" ("version") VALUES (?)[0m  [["version", "20210118140707"]]
  [1m[36mTRANSACTION (97.3ms)[0m  [1m[36mcommit transaction[0m
  [1m[36mActiveRecord::InternalMetadata Load (0.5ms)[0m  [1m[34mSELECT "ar_internal_metadata".* FROM "ar_internal_metadata" WHERE "ar_internal_metadata"."key" = ? LIMIT ?[0m  [["key", "environment"], ["LIMIT", 1]]
  [1m[35m (0.2ms)[0m  [1m[34mSELECT sqlite_version(*)[0m
  [1m[35m (0.3ms)[0m  [1m[34mSELECT "schema_migrations"."version" FROM "schema_migrations" ORDER BY "schema_migrations"."version" ASC[0m
Started GET "/" for ::1 at 2021-01-18 19:41:46 +0530
  [1m[35m (1.0ms)[0m  [1m[34mSELECT sqlite_version(*)[0m
  [1m[35m (0.2ms)[0m  [1m[34mSELECT "schema_migrations"."version" FROM "schema_migrations" ORDER BY "schema_migrations"."version" ASC[0m
Processing by ArticlesController#index as HTML
  [1m[36mUser Load (0.2ms)[0m  [1m[34mSELECT "users".* FROM "users" WHERE "users"."id" = ? LIMIT ?[0m  [["id", 1], ["LIMIT", 1]]
  ↳ app/controllers/application_controller.rb:6:in `current_user'
  Rendering layout layouts/application.html.erb
  Rendering articles/index.html.erb within layouts/application
  [1m[36mArticle Load (0.2ms)[0m  [1m[34mSELECT "articles".* FROM "articles"[0m
  ↳ app/views/articles/index.html.erb:17
  Rendered articles/index.html.erb within layouts/application (Duration: 15.3ms | Allocations: 5195)
  Rendered layout layouts/application.html.erb (Duration: 16.1ms | Allocations: 5510)
Completed 200 OK in 50ms (Views: 18.2ms | ActiveRecord: 2.4ms | Allocations: 12948)


Started GET "/logout" for ::1 at 2021-01-18 19:41:52 +0530
Processing by SessionsController#destroy as HTML
Redirected to http://localhost:3000/
Completed 302 Found in 1ms (ActiveRecord: 0.0ms | Allocations: 295)


Started GET "/" for ::1 at 2021-01-18 19:41:52 +0530
Processing by ArticlesController#index as HTML
  Rendering layout layouts/application.html.erb
  Rendering articles/index.html.erb within layouts/application
  [1m[36mArticle Load (0.1ms)[0m  [1m[34mSELECT "articles".* FROM "articles"[0m
  ↳ app/views/articles/index.html.erb:17
  Rendered articles/index.html.erb within layouts/application (Duration: 1.5ms | Allocations: 623)
  Rendered layout layouts/application.html.erb (Duration: 1.9ms | Allocations: 743)
Completed 200 OK in 4ms (Views: 2.3ms | ActiveRecord: 0.1ms | Allocations: 1694)


Started GET "/signup" for ::1 at 2021-01-18 19:41:54 +0530
Processing by UsersController#new as HTML
  Rendering layout layouts/application.html.erb
  Rendering users/new.html.erb within layouts/application
  Rendered users/_form.html.erb (Duration: 29.8ms | Allocations: 5407)
  Rendered users/new.html.erb within layouts/application (Duration: 31.7ms | Allocations: 5717)
  Rendered layout layouts/application.html.erb (Duration: 33.7ms | Allocations: 5838)
Completed 200 OK in 37ms (Views: 35.7ms | ActiveRecord: 0.0ms | Allocations: 6465)


Started POST "/users" for ::1 at 2021-01-18 19:42:10 +0530
Processing by UsersController#create as HTML
  Parameters: {"authenticity_token"=>"[FILTERED]", "user"=>{"name"=>"Bibek", "email"=>"bibekdhody@gmail.com", "password"=>"[FILTERED]", "password_confirmation"=>"[FILTERED]"}, "commit"=>"Create User"}
  [1m[36mTRANSACTION (0.1ms)[0m  [1m[36mbegin transaction[0m
  ↳ app/controllers/users_controller.rb:26:in `create'
  [1m[36mUser Create (0.3ms)[0m  [1m[32mINSERT INTO "users" ("name", "email", "password_digest", "created_at", "updated_at") VALUES (?, ?, ?, ?, ?)[0m  [["name", "Bibek"], ["email", "bibekdhody@gmail.com"], ["password_digest", "$2a$12$quj3u4yWJJAlaXU8KfJy.u.bTbWMtZfxEyDS1t44rV24vnAwV7mjW"], ["created_at", "2021-01-18 14:12:11.182255"], ["updated_at", "2021-01-18 14:12:11.182255"]]
  ↳ app/controllers/users_controller.rb:26:in `create'
  [1m[36mTRANSACTION (72.5ms)[0m  [1m[36mcommit transaction[0m
  ↳ app/controllers/users_controller.rb:26:in `create'
Redirected to http://localhost:3000/users/2
Completed 302 Found in 345ms (ActiveRecord: 72.8ms | Allocations: 4300)


Started GET "/users/2" for ::1 at 2021-01-18 19:42:11 +0530
Processing by UsersController#show as HTML
  Parameters: {"id"=>"2"}
  [1m[36mUser Load (0.2ms)[0m  [1m[34mSELECT "users".* FROM "users" WHERE "users"."id" = ? LIMIT ?[0m  [["id", 2], ["LIMIT", 1]]
  ↳ app/controllers/users_controller.rb:51:in `set_user'
  Rendering layout layouts/application.html.erb
  Rendering users/show.html.erb within layouts/application
  Rendered users/show.html.erb within layouts/application (Duration: 33.1ms | Allocations: 776)
  Rendered layout layouts/application.html.erb (Duration: 33.6ms | Allocations: 897)
Completed 200 OK in 37ms (Views: 34.3ms | ActiveRecord: 0.2ms | Allocations: 1679)


Started GET "/users" for ::1 at 2021-01-18 19:42:15 +0530
Processing by UsersController#index as HTML
  Rendering layout layouts/application.html.erb
  Rendering users/index.html.erb within layouts/application
  [1m[36mUser Load (0.4ms)[0m  [1m[34mSELECT "users".* FROM "users"[0m
  ↳ app/views/users/index.html.erb:15
  Rendered users/index.html.erb within layouts/application (Duration: 40.8ms | Allocations: 1128)
  Rendered layout layouts/application.html.erb (Duration: 41.4ms | Allocations: 1249)
Completed 200 OK in 47ms (Views: 43.4ms | ActiveRecord: 0.4ms | Allocations: 1625)


Started GET "/login" for ::1 at 2021-01-18 19:42:20 +0530
Processing by SessionsController#new as HTML
  Rendering layout layouts/application.html.erb
  Rendering sessions/new.html.erb within layouts/application
  Rendered sessions/new.html.erb within layouts/application (Duration: 8.7ms | Allocations: 761)
  Rendered layout layouts/application.html.erb (Duration: 10.1ms | Allocations: 881)
Completed 200 OK in 17ms (Views: 13.8ms | ActiveRecord: 0.0ms | Allocations: 1423)


Started POST "/sessions" for ::1 at 2021-01-18 19:42:21 +0530
Processing by SessionsController#create as HTML
  Parameters: {"authenticity_token"=>"[FILTERED]", "email"=>"bibekdhody@gmail.com", "password"=>"[FILTERED]", "commit"=>"Login"}
  [1m[36mUser Load (0.3ms)[0m  [1m[34mSELECT "users".* FROM "users" WHERE "users"."email" = ? LIMIT ?[0m  [["email", "bibekdhody@gmail.com"], ["LIMIT", 1]]
  ↳ app/controllers/sessions_controller.rb:6:in `create'
Redirected to http://localhost:3000/
Completed 302 Found in 259ms (ActiveRecord: 0.3ms | Allocations: 913)


Started GET "/" for ::1 at 2021-01-18 19:42:22 +0530
Processing by ArticlesController#index as HTML
  [1m[36mUser Load (0.1ms)[0m  [1m[34mSELECT "users".* FROM "users" WHERE "users"."id" = ? LIMIT ?[0m  [["id", 2], ["LIMIT", 1]]
  ↳ app/controllers/application_controller.rb:6:in `current_user'
  Rendering layout layouts/application.html.erb
  Rendering articles/index.html.erb within layouts/application
  [1m[36mArticle Load (0.1ms)[0m  [1m[34mSELECT "articles".* FROM "articles"[0m
  ↳ app/views/articles/index.html.erb:17
  Rendered articles/index.html.erb within layouts/application (Duration: 1.3ms | Allocations: 615)
  Rendered layout layouts/application.html.erb (Duration: 1.5ms | Allocations: 716)
Completed 200 OK in 4ms (Views: 1.8ms | ActiveRecord: 0.2ms | Allocations: 2151)


Started GET "/articles/new" for ::1 at 2021-01-18 19:42:24 +0530
Processing by ArticlesController#new as HTML
  [1m[36mUser Load (0.3ms)[0m  [1m[34mSELECT "users".* FROM "users" WHERE "users"."id" = ? LIMIT ?[0m  [["id", 2], ["LIMIT", 1]]
  ↳ app/controllers/application_controller.rb:6:in `current_user'
  Rendering layout layouts/application.html.erb
  Rendering articles/new.html.erb within layouts/application
  Rendered articles/_form.html.erb (Duration: 46.3ms | Allocations: 2073)
  Rendered articles/new.html.erb within layouts/application (Duration: 66.9ms | Allocations: 2373)
  Rendered layout layouts/application.html.erb (Duration: 67.5ms | Allocations: 2474)
Completed 200 OK in 79ms (Views: 68.6ms | ActiveRecord: 0.3ms | Allocations: 4035)


Started POST "/articles" for ::1 at 2021-01-18 19:42:37 +0530
Processing by ArticlesController#create as HTML
  Parameters: {"authenticity_token"=>"[FILTERED]", "article"=>{"title"=>"Hellooo", "topic"=>"Helloooo", "tags"=>"Hellloooo", "content"=>"Hellooo", "public"=>"0"}, "commit"=>"Create Article"}
  [1m[36mUser Load (0.3ms)[0m  [1m[34mSELECT "users".* FROM "users" WHERE "users"."id" = ? LIMIT ?[0m  [["id", 2], ["LIMIT", 1]]
  ↳ app/controllers/application_controller.rb:6:in `current_user'
  [1m[36mTRANSACTION (0.3ms)[0m  [1m[36mbegin transaction[0m
  ↳ app/controllers/articles_controller.rb:28:in `create'
  [1m[36mArticle Create (0.5ms)[0m  [1m[32mINSERT INTO "articles" ("title", "content", "topic", "tags", "created_at", "updated_at", "user_id", "public") VALUES (?, ?, ?, ?, ?, ?, ?, ?)[0m  [["title", "Hellooo"], ["content", "Hellooo"], ["topic", "Helloooo"], ["tags", "Hellloooo"], ["created_at", "2021-01-18 14:12:37.055914"], ["updated_at", "2021-01-18 14:12:37.055914"], ["user_id", 2], ["public", 0]]
  ↳ app/controllers/articles_controller.rb:28:in `create'
  [1m[36mTRANSACTION (1153.2ms)[0m  [1m[36mcommit transaction[0m
  ↳ app/controllers/articles_controller.rb:28:in `create'
Redirected to http://localhost:3000/articles/2
Completed 302 Found in 1177ms (ActiveRecord: 1154.3ms | Allocations: 5156)


Started GET "/articles/2" for ::1 at 2021-01-18 19:42:38 +0530
Processing by ArticlesController#show as HTML
  Parameters: {"id"=>"2"}
  [1m[36mArticle Load (0.7ms)[0m  [1m[34mSELECT "articles".* FROM "articles" WHERE "articles"."id" = ? LIMIT ?[0m  [["id", 2], ["LIMIT", 1]]
  [1m[36mUser Load (0.2ms)[0m  [1m[34mSELECT "users".* FROM "users" WHERE "users"."id" = ? LIMIT ?[0m  [["id", 2], ["LIMIT", 1]]
  ↳ app/controllers/application_controller.rb:6:in `current_user'
  [1m[36mCACHE Article Load (0.0ms)[0m  [1m[34mSELECT "articles".* FROM "articles" WHERE "articles"."id" = ? LIMIT ?[0m  [["id", 2], ["LIMIT", 1]]
  ↳ app/controllers/articles_controller.rb:53:in `set_article'
  Rendering layout layouts/application.html.erb
  Rendering articles/show.html.erb within layouts/application
  Rendered articles/show.html.erb within layouts/application (Duration: 28.6ms | Allocations: 279)
  Rendered layout layouts/application.html.erb (Duration: 29.0ms | Allocations: 380)
Completed 200 OK in 43ms (Views: 30.7ms | ActiveRecord: 1.0ms | Allocations: 2963)


Started GET "/articles" for ::1 at 2021-01-18 19:42:40 +0530
Processing by ArticlesController#index as HTML
  [1m[36mUser Load (0.3ms)[0m  [1m[34mSELECT "users".* FROM "users" WHERE "users"."id" = ? LIMIT ?[0m  [["id", 2], ["LIMIT", 1]]
  ↳ app/controllers/application_controller.rb:6:in `current_user'
  Rendering layout layouts/application.html.erb
  Rendering articles/index.html.erb within layouts/application
  [1m[36mArticle Load (0.2ms)[0m  [1m[34mSELECT "articles".* FROM "articles"[0m
  ↳ app/views/articles/index.html.erb:17
  Rendered articles/index.html.erb within layouts/application (Duration: 4.1ms | Allocations: 716)
  Rendered layout layouts/application.html.erb (Duration: 4.8ms | Allocations: 815)
Completed 200 OK in 17ms (Views: 6.2ms | ActiveRecord: 0.6ms | Allocations: 2223)


Started GET "/logout" for ::1 at 2021-01-18 19:42:43 +0530
Processing by SessionsController#destroy as HTML
Redirected to http://localhost:3000/
Completed 302 Found in 2ms (ActiveRecord: 0.0ms | Allocations: 267)


Started GET "/" for ::1 at 2021-01-18 19:42:43 +0530
Processing by ArticlesController#index as HTML
  Rendering layout layouts/application.html.erb
  Rendering articles/index.html.erb within layouts/application
  [1m[36mArticle Load (0.2ms)[0m  [1m[34mSELECT "articles".* FROM "articles"[0m
  ↳ app/views/articles/index.html.erb:17
  Rendered articles/index.html.erb within layouts/application (Duration: 5.0ms | Allocations: 718)
  Rendered layout layouts/application.html.erb (Duration: 5.6ms | Allocations: 837)
Completed 200 OK in 10ms (Views: 6.3ms | ActiveRecord: 0.2ms | Allocations: 1757)


Started GET "/login" for ::1 at 2021-01-18 19:42:45 +0530
Processing by SessionsController#new as HTML
  Rendering layout layouts/application.html.erb
  Rendering sessions/new.html.erb within layouts/application
  Rendered sessions/new.html.erb within layouts/application (Duration: 4.6ms | Allocations: 488)
  Rendered layout layouts/application.html.erb (Duration: 7.0ms | Allocations: 608)
Completed 200 OK in 10ms (Views: 9.0ms | ActiveRecord: 0.0ms | Allocations: 835)


Started POST "/sessions" for ::1 at 2021-01-18 19:42:50 +0530
Processing by SessionsController#create as HTML
  Parameters: {"authenticity_token"=>"[FILTERED]", "email"=>"ikjotsd@gmail.com", "password"=>"[FILTERED]", "commit"=>"Login"}
  [1m[36mUser Load (0.6ms)[0m  [1m[34mSELECT "users".* FROM "users" WHERE "users"."email" = ? LIMIT ?[0m  [["email", "ikjotsd@gmail.com"], ["LIMIT", 1]]
  ↳ app/controllers/sessions_controller.rb:6:in `create'
Redirected to http://localhost:3000/
Completed 302 Found in 276ms (ActiveRecord: 0.6ms | Allocations: 754)


Started GET "/" for ::1 at 2021-01-18 19:42:50 +0530
Processing by ArticlesController#index as HTML
  [1m[36mUser Load (0.1ms)[0m  [1m[34mSELECT "users".* FROM "users" WHERE "users"."id" = ? LIMIT ?[0m  [["id", 1], ["LIMIT", 1]]
  ↳ app/controllers/application_controller.rb:6:in `current_user'
  Rendering layout layouts/application.html.erb
  Rendering articles/index.html.erb within layouts/application
  [1m[36mArticle Load (0.1ms)[0m  [1m[34mSELECT "articles".* FROM "articles"[0m
  ↳ app/views/articles/index.html.erb:17
  Rendered articles/index.html.erb within layouts/application (Duration: 1.5ms | Allocations: 714)
  Rendered layout layouts/application.html.erb (Duration: 1.8ms | Allocations: 813)
Completed 200 OK in 5ms (Views: 2.1ms | ActiveRecord: 0.2ms | Allocations: 2249)


Started GET "/articles/2" for ::1 at 2021-01-18 19:42:53 +0530
Processing by ArticlesController#show as HTML
  Parameters: {"id"=>"2"}
  [1m[36mArticle Load (0.3ms)[0m  [1m[34mSELECT "articles".* FROM "articles" WHERE "articles"."id" = ? LIMIT ?[0m  [["id", 2], ["LIMIT", 1]]
  [1m[36mUser Load (0.4ms)[0m  [1m[34mSELECT "users".* FROM "users" WHERE "users"."id" = ? LIMIT ?[0m  [["id", 1], ["LIMIT", 1]]
  ↳ app/controllers/application_controller.rb:6:in `current_user'
  [1m[36mCACHE Article Load (0.0ms)[0m  [1m[34mSELECT "articles".* FROM "articles" WHERE "articles"."id" = ? LIMIT ?[0m  [["id", 2], ["LIMIT", 1]]
  ↳ app/controllers/articles_controller.rb:53:in `set_article'
  Rendering layout layouts/application.html.erb
  Rendering articles/show.html.erb within layouts/application
  Rendered articles/show.html.erb within layouts/application (Duration: 0.5ms | Allocations: 72)
  Rendered layout layouts/application.html.erb (Duration: 1.0ms | Allocations: 171)
Completed 200 OK in 17ms (Views: 2.1ms | ActiveRecord: 0.8ms | Allocations: 2490)


Started GET "/articles" for ::1 at 2021-01-18 19:42:56 +0530
Processing by ArticlesController#index as HTML
  [1m[36mUser Load (0.9ms)[0m  [1m[34mSELECT "users".* FROM "users" WHERE "users"."id" = ? LIMIT ?[0m  [["id", 1], ["LIMIT", 1]]
  ↳ app/controllers/application_controller.rb:6:in `current_user'
  Rendering layout layouts/application.html.erb
  Rendering articles/index.html.erb within layouts/application
  [1m[36mArticle Load (0.5ms)[0m  [1m[34mSELECT "articles".* FROM "articles"[0m
  ↳ app/views/articles/index.html.erb:17
  Rendered articles/index.html.erb within layouts/application (Duration: 5.7ms | Allocations: 713)
  Rendered layout layouts/application.html.erb (Duration: 6.6ms | Allocations: 812)
Completed 200 OK in 22ms (Views: 7.8ms | ActiveRecord: 1.4ms | Allocations: 2221)


Started GET "/articles/2/edit" for ::1 at 2021-01-18 19:42:57 +0530
Processing by ArticlesController#edit as HTML
  Parameters: {"id"=>"2"}
  [1m[36mArticle Load (0.3ms)[0m  [1m[34mSELECT "articles".* FROM "articles" WHERE "articles"."id" = ? LIMIT ?[0m  [["id", 2], ["LIMIT", 1]]
  [1m[36mUser Load (0.2ms)[0m  [1m[34mSELECT "users".* FROM "users" WHERE "users"."id" = ? LIMIT ?[0m  [["id", 1], ["LIMIT", 1]]
  ↳ app/controllers/application_controller.rb:6:in `current_user'
Completed 500 Internal Server Error in 11ms (ActiveRecord: 0.5ms | Allocations: 2075)


  
CanCan::AccessDenied (You are not authorized to access this page.):
  
cancancan (3.2.1) lib/cancan/ability.rb:180:in `authorize!'
cancancan (3.2.1) lib/cancan/controller_additions.rb:339:in `authorize!'
cancancan (3.2.1) lib/cancan/controller_resource.rb:40:in `authorize_resource'
cancancan (3.2.1) lib/cancan/controller_resource.rb:34:in `load_and_authorize_resource'
cancancan (3.2.1) lib/cancan/controller_resource.rb:17:in `block in add_before_action'
activesupport (6.1.1) lib/active_support/callbacks.rb:427:in `instance_exec'
activesupport (6.1.1) lib/active_support/callbacks.rb:427:in `block in make_lambda'
activesupport (6.1.1) lib/active_support/callbacks.rb:198:in `block (2 levels) in halting'
actionpack (6.1.1) lib/abstract_controller/callbacks.rb:34:in `block (2 levels) in <module:Callbacks>'
activesupport (6.1.1) lib/active_support/callbacks.rb:199:in `block in halting'
activesupport (6.1.1) lib/active_support/callbacks.rb:512:in `block in invoke_before'
activesupport (6.1.1) lib/active_support/callbacks.rb:512:in `each'
activesupport (6.1.1) lib/active_support/callbacks.rb:512:in `invoke_before'
activesupport (6.1.1) lib/active_support/callbacks.rb:105:in `run_callbacks'
actionpack (6.1.1) lib/abstract_controller/callbacks.rb:41:in `process_action'
actionpack (6.1.1) lib/action_controller/metal/rescue.rb:22:in `process_action'
actionpack (6.1.1) lib/action_controller/metal/instrumentation.rb:34:in `block in process_action'
activesupport (6.1.1) lib/active_support/notifications.rb:203:in `block in instrument'
activesupport (6.1.1) lib/active_support/notifications/instrumenter.rb:24:in `instrument'
activesupport (6.1.1) lib/active_support/notifications.rb:203:in `instrument'
actionpack (6.1.1) lib/action_controller/metal/instrumentation.rb:33:in `process_action'
actionpack (6.1.1) lib/action_controller/metal/params_wrapper.rb:249:in `process_action'
activerecord (6.1.1) lib/active_record/railties/controller_runtime.rb:27:in `process_action'
actionpack (6.1.1) lib/abstract_controller/base.rb:165:in `process'
actionview (6.1.1) lib/action_view/rendering.rb:39:in `process'
actionpack (6.1.1) lib/action_controller/metal.rb:190:in `dispatch'
actionpack (6.1.1) lib/action_controller/metal.rb:254:in `dispatch'
actionpack (6.1.1) lib/action_dispatch/routing/route_set.rb:50:in `dispatch'
actionpack (6.1.1) lib/action_dispatch/routing/route_set.rb:33:in `serve'
actionpack (6.1.1) lib/action_dispatch/journey/router.rb:50:in `block in serve'
actionpack (6.1.1) lib/action_dispatch/journey/router.rb:32:in `each'
actionpack (6.1.1) lib/action_dispatch/journey/router.rb:32:in `serve'
actionpack (6.1.1) lib/action_dispatch/routing/route_set.rb:842:in `call'
rack (2.2.3) lib/rack/tempfile_reaper.rb:15:in `call'
rack (2.2.3) lib/rack/etag.rb:27:in `call'
rack (2.2.3) lib/rack/conditional_get.rb:27:in `call'
rack (2.2.3) lib/rack/head.rb:12:in `call'
actionpack (6.1.1) lib/action_dispatch/http/permissions_policy.rb:22:in `call'
actionpack (6.1.1) lib/action_dispatch/http/content_security_policy.rb:18:in `call'
rack (2.2.3) lib/rack/session/abstract/id.rb:266:in `context'
rack (2.2.3) lib/rack/session/abstract/id.rb:260:in `call'
actionpack (6.1.1) lib/action_dispatch/middleware/cookies.rb:689:in `call'
activerecord (6.1.1) lib/active_record/migration.rb:601:in `call'
actionpack (6.1.1) lib/action_dispatch/middleware/callbacks.rb:27:in `block in call'
activesupport (6.1.1) lib/active_support/callbacks.rb:98:in `run_callbacks'
actionpack (6.1.1) lib/action_dispatch/middleware/callbacks.rb:26:in `call'
actionpack (6.1.1) lib/action_dispatch/middleware/executor.rb:14:in `call'
actionpack (6.1.1) lib/action_dispatch/middleware/actionable_exceptions.rb:18:in `call'
actionpack (6.1.1) lib/action_dispatch/middleware/debug_exceptions.rb:29:in `call'
actionpack (6.1.1) lib/action_dispatch/middleware/show_exceptions.rb:33:in `call'
railties (6.1.1) lib/rails/rack/logger.rb:37:in `call_app'
railties (6.1.1) lib/rails/rack/logger.rb:26:in `block in call'
activesupport (6.1.1) lib/active_support/tagged_logging.rb:99:in `block in tagged'
activesupport (6.1.1) lib/active_support/tagged_logging.rb:37:in `tagged'
activesupport (6.1.1) lib/active_support/tagged_logging.rb:99:in `tagged'
railties (6.1.1) lib/rails/rack/logger.rb:26:in `call'
sprockets-rails (3.2.2) lib/sprockets/rails/quiet_assets.rb:13:in `call'
actionpack (6.1.1) lib/action_dispatch/middleware/remote_ip.rb:81:in `call'
actionpack (6.1.1) lib/action_dispatch/middleware/request_id.rb:26:in `call'
rack (2.2.3) lib/rack/method_override.rb:24:in `call'
rack (2.2.3) lib/rack/runtime.rb:22:in `call'
activesupport (6.1.1) lib/active_support/cache/strategy/local_cache_middleware.rb:29:in `call'
actionpack (6.1.1) lib/action_dispatch/middleware/executor.rb:14:in `call'
actionpack (6.1.1) lib/action_dispatch/middleware/static.rb:24:in `call'
rack (2.2.3) lib/rack/sendfile.rb:110:in `call'
actionpack (6.1.1) lib/action_dispatch/middleware/host_authorization.rb:98:in `call'
railties (6.1.1) lib/rails/engine.rb:539:in `call'
puma (5.1.1) lib/puma/configuration.rb:246:in `call'
puma (5.1.1) lib/puma/request.rb:76:in `block in handle_request'
puma (5.1.1) lib/puma/thread_pool.rb:337:in `with_force_shutdown'
puma (5.1.1) lib/puma/request.rb:75:in `handle_request'
puma (5.1.1) lib/puma/server.rb:431:in `process_client'
puma (5.1.1) lib/puma/thread_pool.rb:145:in `block in spawn_thread'
